<?xml version="1.0" encoding="UTF-8"?>
<!-- Generated by org.testng.reporters.JUnitReportReporter -->
<testsuite skipped="0" hostname="PCDEFRAPC0MAB1H" name="DiscoverFeature.Trivago.DiscoverPageTest" tests="1" failures="0" timestamp="28 Feb 2021 18:14:10 GMT" time="29.143" errors="0">
  <testcase name="discoverPageNavigation" time="29.143" classname="DiscoverFeature.Trivago.DiscoverPageTest"/>
</testsuite> <!-- DiscoverFeature.Trivago.DiscoverPageTest -->
